<?xml version="1.0" encoding="UTF-8"?>
<testsuite xmlns:xsi="http://www.w3.org/2001/XMLSchema-instance" xsi:noNamespaceSchemaLocation="https://maven.apache.org/surefire/maven-surefire-plugin/xsd/surefire-test-report-3.0.xsd" version="3.0" name="com.example.onlineshop.ShopApplicationTests" time="4.25" tests="1" errors="0" skipped="0" failures="0">
  <properties>
[...]
</properties>
  <testcase name="contextLoads" classname="com.example.onlineshop.ShopApplicationTests" time="0.901">
    <system-out><![CDATA[19:50:34.619 [main] INFO org.springframework.test.context.support.AnnotationConfigContextLoaderUtils -- Could not detect default configuration classes for test class [com.example.onlineshop.ShopApplicationTests]: ShopApplicationTests does not declare any static, non-private, non-final, nested classes annotated with @Configuration.
19:50:34.719 [main] INFO org.springframework.boot.test.context.SpringBootTestContextBootstrapper -- Found @SpringBootConfiguration com.example.onlineshop.OnlineShopApplication for test class com.example.onlineshop.ShopApplicationTests

  .   ____          _            __ _ _
 /\\ / ___'_ __ _ _(_)_ __  __ _ \ \ \ \
( ( )\___ | '_ | '_| | '_ \/ _` | \ \ \ \
 \\/  ___)| |_)| | | | | || (_| |  ) ) ) )
  '  |____| .__|_| |_|_| |_\__, | / / / /
 =========|_|==============|___/=/_/_/_/
 :: Spring Boot ::                (v3.2.5)

2025-10-19T19:50:35.256+08:00  INFO 36956 --- [onlineshop] [           main] c.e.onlineshop.ShopApplicationTests      : Starting ShopApplicationTests using Java 17.0.12 with PID 36956 (started by Administrator in C:\Users\Administrator\Desktop\大三上\软件工程实践\Onlineshop-main\Onlineshop-main\backend)
2025-10-19T19:50:35.258+08:00  INFO 36956 --- [onlineshop] [           main] c.e.onlineshop.ShopApplicationTests      : No active profile set, falling back to 1 default profile: "default"
2025-10-19T19:50:37.020+08:00 ERROR 36956 --- [onlineshop] [           main] o.a.catalina.core.AprLifecycleListener   : An incompatible version [1.2.21] of the Apache Tomcat Native library is installed, while Tomcat requires version [1.2.34]
2025-10-19T19:50:37.788+08:00  INFO 36956 --- [onlineshop] [           main] c.e.onlineshop.ShopApplicationTests      : Started ShopApplicationTests in 2.915 seconds (process running for 3.767)
]]></system-out>
  </testcase>
</testsuite>