<?xml version="1.0" encoding="UTF-8"?>
<testsuite xmlns:xsi="http://www.w3.org/2001/XMLSchema-instance" xsi:noNamespaceSchemaLocation="https://maven.apache.org/surefire/maven-surefire-plugin/xsd/surefire-test-report-3.0.xsd" version="3.0" name="TestSuite" time="7.108" tests="22" errors="0" skipped="0" failures="0">
  <properties>
[...]
</properties>
  <testcase name="testAddAddress" classname="com.ecommerce.address.AddressTest" time="0.587">
    <system-err><![CDATA[SLF4J: Failed to load class "org.slf4j.impl.StaticLoggerBinder".
SLF4J: Defaulting to no-operation (NOP) logger implementation
SLF4J: See http://www.slf4j.org/codes.html#StaticLoggerBinder for further details.
]]></system-err>
  </testcase>
  <testcase name="testAutoFillDefaultAddress" classname="com.ecommerce.address.AddressTest" time="0.293"/>
  <testcase name="testGetAddressList" classname="com.ecommerce.address.AddressTest" time="0.113"/>
  <testcase name="testSetDefaultAddress" classname="com.ecommerce.address.AddressTest" time="0.213"/>
  <testcase name="testInitiateAfterSale" classname="com.ecommerce.afterSale.CustomerAfterSaleTest" time="0.079"/>
  <testcase name="testViewAfterSaleDetail" classname="com.ecommerce.afterSale.CustomerAfterSaleTest" time="0.314"/>
  <testcase name="testViewAfterSaleProgress" classname="com.ecommerce.afterSale.CustomerAfterSaleTest" time="0.083"/>
  <testcase name="testAgreeRefund" classname="com.ecommerce.afterSale.SellerAfterSaleTest" time="0.141"/>
  <testcase name="testRejectAfterSale" classname="com.ecommerce.afterSale.SellerAfterSaleTest" time="0.056"/>
  <testcase name="testViewAfterSaleList" classname="com.ecommerce.afterSale.SellerAfterSaleTest" time="0.068"/>
  <testcase name="testCustomerLogin" classname="com.ecommerce.base.SimpleLoginTest" time="0.158">
    <system-out><![CDATA[BASE_URL: http://120.55.249.112:8081
发送登录请求到: /api/customers/login
响应状态码: 200
响应内容: {"code":200,"message":"登录成功","data":{"customer_info":{"default_address":"浙江工商大学","updated_at":"2026-03-29T07:45:48","phone":"12345678912","created_at":"2026-03-29T07:45:48","customer_id":4,"username":"user2"},"token":"eyJhbGciOiJIUzI1NiJ9.eyJzdWIiOiJ1c2VyMiIsImN1c3RvbWVySWQiOjQsImlhdCI6MTc3NDc5MzMwMSwiZXhwIjoxNzc0ODc5NzAxfQ.CY1OHbGkTsSAnW9o94KTDXYMM8nbptK2sWJ-9AXbUc0"}}
登录成功！Token: eyJhbGciOiJIUzI1NiJ9.eyJzdWIiOiJ1c2VyMiIsImN1c3RvbWVySWQiOjQsImlhdCI6MTc3NDc5MzMwMSwiZXhwIjoxNzc0ODc5NzAxfQ.CY1OHbGkTsSAnW9o94KTDXYMM8nbptK2sWJ-9AXbUc0
]]></system-out>
  </testcase>
  <testcase name="testGetDeliveryMethods" classname="com.ecommerce.logistics.LogisticsTest" time="0.11"/>
  <testcase name="testViewLogisticsTracking" classname="com.ecommerce.logistics.LogisticsTest" time="0.112"/>
  <testcase name="testCreateOrder" classname="com.ecommerce.order.OrderTest" time="0.12"/>
  <testcase name="testOrderDetailButtons" classname="com.ecommerce.order.OrderTest" time="0.085"/>
  <testcase name="testViewHistoryOrders" classname="com.ecommerce.order.OrderTest" time="0.129"/>
  <testcase name="testCreatePayment" classname="com.ecommerce.payment.PaymentTest" time="0.156"/>
  <testcase name="testGetPaymentByPurchase" classname="com.ecommerce.payment.PaymentTest" time="0.096"/>
  <testcase name="testGetPaymentList" classname="com.ecommerce.payment.PaymentTest" time="0.096"/>
  <testcase name="testManualPaymentCheck" classname="com.ecommerce.payment.PaymentTest" time="0.08"/>
  <testcase name="testPaymentMethods" classname="com.ecommerce.payment.PaymentTest" time="0.004"/>
  <testcase name="testPaymentTimeout" classname="com.ecommerce.payment.PaymentTest" time="0.046"/>
</testsuite>