<?xml version="1.0" encoding="UTF-8"?>
<!-- Generated by org.testng.reporters.JUnitReportReporter -->
<testsuite hostname="DESKTOP-I54MQBG" failures="0" tests="6" name="com.ecommerce.payment.PaymentTest" time="0.472" errors="0" timestamp="2026-03-29T22:08:27 CST" skipped="0">
  <testcase classname="com.ecommerce.payment.PaymentTest" name="testPaymentTimeout" time="0.046"/>
  <system-out/>
  <testcase classname="com.ecommerce.payment.PaymentTest" name="testManualPaymentCheck" time="0.077"/>
  <system-out/>
  <testcase classname="com.ecommerce.payment.PaymentTest" name="testGetPaymentList" time="0.096"/>
  <system-out/>
  <testcase classname="com.ecommerce.payment.PaymentTest" name="testCreatePayment" time="0.156"/>
  <system-out/>
  <testcase classname="com.ecommerce.payment.PaymentTest" name="testPaymentMethods" time="0.003"/>
  <system-out/>
  <testcase classname="com.ecommerce.payment.PaymentTest" name="testGetPaymentByPurchase" time="0.094"/>
  <system-out/>
</testsuite> <!-- com.ecommerce.payment.PaymentTest -->
