<?xml version="1.0" encoding="UTF-8"?>
<!-- Generated by org.testng.reporters.JUnitReportReporter -->
<testsuite hostname="DESKTOP-I54MQBG" failures="0" tests="4" name="com.ecommerce.address.AddressTest" time="3.421" errors="0" timestamp="2026-03-29T22:08:27 CST" skipped="0">
  <testcase classname="com.ecommerce.address.AddressTest" name="testGetAddressList" time="0.113"/>
  <system-out/>
  <testcase classname="com.ecommerce.address.AddressTest" name="testSetDefaultAddress" time="2.441"/>
  <system-out/>
  <testcase classname="com.ecommerce.address.AddressTest" name="testAutoFillDefaultAddress" time="0.293"/>
  <system-out/>
  <testcase classname="com.ecommerce.address.AddressTest" name="testAddAddress" time="0.574"/>
  <system-out/>
</testsuite> <!-- com.ecommerce.address.AddressTest -->
