<?xml version="1.0" encoding="UTF-8"?>
<!-- Generated by org.testng.reporters.JUnitReportReporter -->
<testsuite hostname="DESKTOP-I54MQBG" failures="0" tests="2" name="com.ecommerce.logistics.LogisticsTest" time="0.222" errors="0" timestamp="2026-03-29T22:08:27 CST" skipped="0">
  <testcase classname="com.ecommerce.logistics.LogisticsTest" name="testGetDeliveryMethods" time="0.110"/>
  <system-out/>
  <testcase classname="com.ecommerce.logistics.LogisticsTest" name="testViewLogisticsTracking" time="0.112"/>
  <system-out/>
</testsuite> <!-- com.ecommerce.logistics.LogisticsTest -->
