<?xml version="1.0" encoding="UTF-8"?>
<!-- Generated by org.testng.reporters.JUnitReportReporter -->
<testsuite hostname="DESKTOP-I54MQBG" failures="0" tests="3" name="com.ecommerce.order.OrderTest" time="0.329" errors="0" timestamp="2026-03-29T22:08:27 CST" skipped="0">
  <testcase classname="com.ecommerce.order.OrderTest" name="testViewHistoryOrders" time="0.128"/>
  <system-out/>
  <testcase classname="com.ecommerce.order.OrderTest" name="testOrderDetailButtons" time="0.081"/>
  <system-out/>
  <testcase classname="com.ecommerce.order.OrderTest" name="testCreateOrder" time="0.120"/>
  <system-out/>
</testsuite> <!-- com.ecommerce.order.OrderTest -->
