<?xml version="1.0" encoding="UTF-8"?>
<!-- Generated by org.testng.reporters.JUnitReportReporter -->
<testsuite hostname="DESKTOP-I54MQBG" failures="0" tests="3" name="com.ecommerce.afterSale.CustomerAfterSaleTest" time="0.473" errors="0" timestamp="2026-03-29T22:08:27 CST" skipped="0">
  <testcase classname="com.ecommerce.afterSale.CustomerAfterSaleTest" name="testViewAfterSaleDetail" time="0.312"/>
  <system-out/>
  <testcase classname="com.ecommerce.afterSale.CustomerAfterSaleTest" name="testViewAfterSaleProgress" time="0.082"/>
  <system-out/>
  <testcase classname="com.ecommerce.afterSale.CustomerAfterSaleTest" name="testInitiateAfterSale" time="0.079"/>
  <system-out/>
</testsuite> <!-- com.ecommerce.afterSale.CustomerAfterSaleTest -->
