<?xml version="1.0" encoding="UTF-8"?>
<!-- Generated by org.testng.reporters.JUnitReportReporter -->
<testsuite hostname="DESKTOP-I54MQBG" failures="0" tests="3" name="com.ecommerce.afterSale.SellerAfterSaleTest" time="0.262" errors="0" timestamp="2026-03-29T22:08:27 CST" skipped="0">
  <testcase classname="com.ecommerce.afterSale.SellerAfterSaleTest" name="testViewAfterSaleList" time="0.067"/>
  <system-out/>
  <testcase classname="com.ecommerce.afterSale.SellerAfterSaleTest" name="testRejectAfterSale" time="0.053"/>
  <system-out/>
  <testcase classname="com.ecommerce.afterSale.SellerAfterSaleTest" name="testAgreeRefund" time="0.142"/>
  <system-out/>
</testsuite> <!-- com.ecommerce.afterSale.SellerAfterSaleTest -->
