<?xml version="1.0" encoding="UTF-8"?>
<!-- Generated by org.testng.reporters.JUnitXMLReporter -->
<testsuite ignored="12" hostname="DESKTOP-I54MQBG" failures="0" tests="22" name="Surefire test" time="5.598" errors="0" timestamp="2026-03-29T22:08:27 CST">
  <testcase classname="com.ecommerce.address.AddressTest" name="testAddAddress" time="0.572"/>
  <testcase classname="com.ecommerce.address.AddressTest" name="testAutoFillDefaultAddress" time="0.292"/>
  <testcase classname="com.ecommerce.address.AddressTest" name="testGetAddressList" time="0.111"/>
  <testcase classname="com.ecommerce.address.AddressTest" name="testSetDefaultAddress" time="0.211"/>
  <testcase classname="com.ecommerce.afterSale.CustomerAfterSaleTest" name="testInitiateAfterSale" time="0.079"/>
  <testcase classname="com.ecommerce.afterSale.CustomerAfterSaleTest" name="testViewAfterSaleDetail" time="0.312"/>
  <testcase classname="com.ecommerce.afterSale.CustomerAfterSaleTest" name="testViewAfterSaleProgress" time="0.081"/>
  <testcase classname="com.ecommerce.afterSale.SellerAfterSaleTest" name="testAgreeRefund" time="0.14"/>
  <testcase classname="com.ecommerce.afterSale.SellerAfterSaleTest" name="testRejectAfterSale" time="0.052"/>
  <testcase classname="com.ecommerce.afterSale.SellerAfterSaleTest" name="testViewAfterSaleList" time="0.066"/>
  <testcase classname="com.ecommerce.base.SimpleLoginTest" name="testCustomerLogin" time="0.159"/>
  <testcase classname="com.ecommerce.logistics.LogisticsTest" name="testGetDeliveryMethods" time="0.109"/>
  <testcase classname="com.ecommerce.logistics.LogisticsTest" name="testViewLogisticsTracking" time="0.111"/>
  <testcase classname="com.ecommerce.order.OrderTest" name="testCreateOrder" time="0.12"/>
  <testcase classname="com.ecommerce.order.OrderTest" name="testOrderDetailButtons" time="0.081"/>
  <testcase classname="com.ecommerce.order.OrderTest" name="testViewHistoryOrders" time="0.126"/>
  <testcase classname="com.ecommerce.payment.PaymentTest" name="testCreatePayment" time="0.155"/>
  <testcase classname="com.ecommerce.payment.PaymentTest" name="testGetPaymentByPurchase" time="0.093"/>
  <testcase classname="com.ecommerce.payment.PaymentTest" name="testGetPaymentList" time="0.095"/>
  <testcase classname="com.ecommerce.payment.PaymentTest" name="testManualPaymentCheck" time="0.076"/>
  <testcase classname="com.ecommerce.payment.PaymentTest" name="testPaymentMethods" time="0.003"/>
  <testcase classname="com.ecommerce.payment.PaymentTest" name="testPaymentTimeout" time="0.044"/>
  <testcase classname="com.ecommerce.base.BaseTest" name="@BeforeSuite setupSuite" time="0.0">
    <ignored/>
  </testcase> <!-- @BeforeSuite setupSuite -->
  <testcase classname="com.ecommerce.base.BaseTest" name="@BeforeSuite setupSuite" time="0.0">
    <ignored/>
  </testcase> <!-- @BeforeSuite setupSuite -->
  <testcase classname="com.ecommerce.base.BaseTest" name="@AfterSuite teardownSuite" time="0.0">
    <ignored/>
  </testcase> <!-- @AfterSuite teardownSuite -->
  <testcase classname="com.ecommerce.base.BaseTest" name="@BeforeSuite setupSuite" time="0.0">
    <ignored/>
  </testcase> <!-- @BeforeSuite setupSuite -->
  <testcase classname="com.ecommerce.base.BaseTest" name="@AfterSuite teardownSuite" time="0.0">
    <ignored/>
  </testcase> <!-- @AfterSuite teardownSuite -->
  <testcase classname="com.ecommerce.base.BaseTest" name="@AfterSuite teardownSuite" time="0.0">
    <ignored/>
  </testcase> <!-- @AfterSuite teardownSuite -->
  <testcase classname="com.ecommerce.base.BaseTest" name="@AfterSuite teardownSuite" time="0.0">
    <ignored/>
  </testcase> <!-- @AfterSuite teardownSuite -->
  <testcase classname="com.ecommerce.base.BaseTest" name="@AfterSuite teardownSuite" time="0.0">
    <ignored/>
  </testcase> <!-- @AfterSuite teardownSuite -->
  <testcase classname="com.ecommerce.base.BaseTest" name="@BeforeSuite setupSuite" time="0.0">
    <ignored/>
  </testcase> <!-- @BeforeSuite setupSuite -->
  <testcase classname="com.ecommerce.base.BaseTest" name="@BeforeSuite setupSuite" time="0.0">
    <ignored/>
  </testcase> <!-- @BeforeSuite setupSuite -->
  <testcase classname="com.ecommerce.base.BaseTest" name="@BeforeSuite setupSuite" time="0.0">
    <ignored/>
  </testcase> <!-- @BeforeSuite setupSuite -->
  <testcase classname="com.ecommerce.base.BaseTest" name="@AfterSuite teardownSuite" time="0.0">
    <ignored/>
  </testcase> <!-- @AfterSuite teardownSuite -->
</testsuite> <!-- Surefire test -->
